# JRE version: Java(TM) SE Runtime Environment (8.0_171-b11) (build 1.8.0_171-b11)
# Java VM: Java HotSpot(TM) 64-Bit Server VM (25.171-b11 mixed mode windows-amd64 compressed oops)
Heap:
 PSYoungGen      total 80896K, used 34071K [0x00000007aab00000, 0x00000007b1c00000, 0x00000007c0000000)
  eden space 65024K, 28% used [0x00000007aab00000,0x00000007abcc8658,0x00000007aea80000)
  from space 15872K, 99% used [0x00000007b0080000,0x00000007b0ffd980,0x00000007b1000000)
  to   space 22528K, 0% used [0x00000007aea80000,0x00000007aea80000,0x00000007b0080000)
 ParOldGen       total 60416K, used 42848K [0x0000000780000000, 0x0000000783b00000, 0x00000007aab00000)
  object space 60416K, 70% used [0x0000000780000000,0x00000007829d82a8,0x0000000783b00000)
 Metaspace       used 25841K, capacity 26476K, committed 26752K, reserved 1073152K
  class space    used 3146K, capacity 3342K, committed 3456K, reserved 1048576K
GC Heap History (10 events):
Event: 18.759 GC heap before
{Heap before GC invocations=10 (full 1):
 PSYoungGen      total 36864K, used 35081K [0x00000007aab00000, 0x00000007ad600000, 0x00000007c0000000)
  eden space 31744K, 100% used [0x00000007aab00000,0x00000007aca00000,0x00000007aca00000)
  from space 5120K, 65% used [0x00000007ad100000,0x00000007ad442478,0x00000007ad600000)
  to   space 6144K, 0% used [0x00000007aca00000,0x00000007aca00000,0x00000007ad000000)
 ParOldGen       total 31744K, used 9949K [0x0000000780000000, 0x0000000781f00000, 0x00000007aab00000)
  object space 31744K, 31% used [0x0000000780000000,0x00000007809b7490,0x0000000781f00000)
 Metaspace       used 24714K, capacity 25182K, committed 25344K, reserved 1071104K
  class space    used 3075K, capacity 3239K, committed 3328K, reserved 1048576K
Event: 18.784 GC heap after
Heap after GC invocations=10 (full 1):
 PSYoungGen      total 37888K, used 6112K [0x00000007aab00000, 0x00000007aec80000, 0x00000007c0000000)
  eden space 31744K, 0% used [0x00000007aab00000,0x00000007aab00000,0x00000007aca00000)
  from space 6144K, 99% used [0x00000007aca00000,0x00000007acff8040,0x00000007ad000000)
  to   space 8704K, 0% used [0x00000007ae400000,0x00000007ae400000,0x00000007aec80000)
 ParOldGen       total 31744K, used 14069K [0x0000000780000000, 0x0000000781f00000, 0x00000007aab00000)
  object space 31744K, 44% used [0x0000000780000000,0x0000000780dbd500,0x0000000781f00000)
 Metaspace       used 24714K, capacity 25182K, committed 25344K, reserved 1071104K
  class space    used 3075K, capacity 3239K, committed 3328K, reserved 1048576K
}
Event: 47.761 GC heap before
{Heap before GC invocations=11 (full 1):
 PSYoungGen      total 37888K, used 37856K [0x00000007aab00000, 0x00000007aec80000, 0x00000007c0000000)
  eden space 31744K, 100% used [0x00000007aab00000,0x00000007aca00000,0x00000007aca00000)
  from space 6144K, 99% used [0x00000007aca00000,0x00000007acff8040,0x00000007ad000000)
  to   space 8704K, 0% used [0x00000007ae400000,0x00000007ae400000,0x00000007aec80000)
 ParOldGen       total 31744K, used 14069K [0x0000000780000000, 0x0000000781f00000, 0x00000007aab00000)
  object space 31744K, 44% used [0x0000000780000000,0x0000000780dbd500,0x0000000781f00000)
 Metaspace       used 25511K, capacity 26138K, committed 26496K, reserved 1073152K
  class space    used 3141K, capacity 3341K, committed 3456K, reserved 1048576K
Event: 47.839 GC heap after
Heap after GC invocations=11 (full 1):
 PSYoungGen      total 56320K, used 8694K [0x00000007aab00000, 0x00000007af000000, 0x00000007c0000000)
  eden space 47616K, 0% used [0x00000007aab00000,0x00000007aab00000,0x00000007ad980000)
  from space 8704K, 99% used [0x00000007ae400000,0x00000007aec7d980,0x00000007aec80000)
  to   space 10752K, 0% used [0x00000007ad980000,0x00000007ad980000,0x00000007ae400000)
 ParOldGen       total 31744K, used 16763K [0x0000000780000000, 0x0000000781f00000, 0x00000007aab00000)
  object space 31744K, 52% used [0x0000000780000000,0x000000078105ed40,0x0000000781f00000)
 Metaspace       used 25511K, capacity 26138K, committed 26496K, reserved 1073152K
  class space    used 3141K, capacity 3341K, committed 3456K, reserved 1048576K
}
Event: 88.572 GC heap before
{Heap before GC invocations=12 (full 1):
 PSYoungGen      total 56320K, used 56310K [0x00000007aab00000, 0x00000007af000000, 0x00000007c0000000)
  eden space 47616K, 100% used [0x00000007aab00000,0x00000007ad980000,0x00000007ad980000)
  from space 8704K, 99% used [0x00000007ae400000,0x00000007aec7d980,0x00000007aec80000)
  to   space 10752K, 0% used [0x00000007ad980000,0x00000007ad980000,0x00000007ae400000)
 ParOldGen       total 31744K, used 16763K [0x0000000780000000, 0x0000000781f00000, 0x00000007aab00000)
  object space 31744K, 52% used [0x0000000780000000,0x000000078105ed40,0x0000000781f00000)
 Metaspace       used 25762K, capacity 26406K, committed 26752K, reserved 1073152K
  class space    used 3144K, capacity 3341K, committed 3456K, reserved 1048576K
Event: 88.653 GC heap after
Heap after GC invocations=12 (full 1):
 PSYoungGen      total 58368K, used 10742K [0x00000007aab00000, 0x00000007b1000000, 0x00000007c0000000)
  eden space 47616K, 0% used [0x00000007aab00000,0x00000007aab00000,0x00000007ad980000)
  from space 10752K, 99% used [0x00000007ad980000,0x00000007ae3fd970,0x00000007ae400000)
  to   space 15872K, 0% used [0x00000007b0080000,0x00000007b0080000,0x00000007b1000000)
 ParOldGen       total 31744K, used 27623K [0x0000000780000000, 0x0000000781f00000, 0x00000007aab00000)
  object space 31744K, 87% used [0x0000000780000000,0x0000000781af9cc0,0x0000000781f00000)
 Metaspace       used 25762K, capacity 26406K, committed 26752K, reserved 1073152K
  class space    used 3144K, capacity 3341K, committed 3456K, reserved 1048576K
}
Event: 88.653 GC heap before
{Heap before GC invocations=13 (full 2):
 PSYoungGen      total 58368K, used 10742K [0x00000007aab00000, 0x00000007b1000000, 0x00000007c0000000)
  eden space 47616K, 0% used [0x00000007aab00000,0x00000007aab00000,0x00000007ad980000)
  from space 10752K, 99% used [0x00000007ad980000,0x00000007ae3fd970,0x00000007ae400000)
  to   space 15872K, 0% used [0x00000007b0080000,0x00000007b0080000,0x00000007b1000000)
 ParOldGen       total 31744K, used 27623K [0x0000000780000000, 0x0000000781f00000, 0x00000007aab00000)
  object space 31744K, 87% used [0x0000000780000000,0x0000000781af9cc0,0x0000000781f00000)
 Metaspace       used 25762K, capacity 26406K, committed 26752K, reserved 1073152K
  class space    used 3144K, capacity 3341K, committed 3456K, reserved 1048576K
Event: 89.060 GC heap after
Heap after GC invocations=13 (full 2):
 PSYoungGen      total 58368K, used 2546K [0x00000007aab00000, 0x00000007b1000000, 0x00000007c0000000)
  eden space 47616K, 0% used [0x00000007aab00000,0x00000007aab00000,0x00000007ad980000)
  from space 10752K, 23% used [0x00000007ad980000,0x00000007adbfcbb8,0x00000007ae400000)
  to   space 15872K, 0% used [0x00000007b0080000,0x00000007b0080000,0x00000007b1000000)
 ParOldGen       total 60416K, used 31448K [0x0000000780000000, 0x0000000783b00000, 0x00000007aab00000)
  object space 60416K, 52% used [0x0000000780000000,0x0000000781eb6278,0x0000000783b00000)
 Metaspace       used 25762K, capacity 26406K, committed 26752K, reserved 1073152K
  class space    used 3144K, capacity 3341K, committed 3456K, reserved 1048576K
}
Event: 100.533 GC heap before
{Heap before GC invocations=14 (full 2):
 PSYoungGen      total 58368K, used 50162K [0x00000007aab00000, 0x00000007b1000000, 0x00000007c0000000)
  eden space 47616K, 100% used [0x00000007aab00000,0x00000007ad980000,0x00000007ad980000)
  from space 10752K, 23% used [0x00000007ad980000,0x00000007adbfcbb8,0x00000007ae400000)
  to   space 15872K, 0% used [0x00000007b0080000,0x00000007b0080000,0x00000007b1000000)
 ParOldGen       total 60416K, used 31448K [0x0000000780000000, 0x0000000783b00000, 0x00000007aab00000)
  object space 60416K, 52% used [0x0000000780000000,0x0000000781eb6278,0x0000000783b00000)
 Metaspace       used 25812K, capacity 26412K, committed 26752K, reserved 1073152K
  class space    used 3145K, capacity 3342K, committed 3456K, reserved 1048576K
Event: 100.630 GC heap after
Heap after GC invocations=14 (full 2):
 PSYoungGen      total 80896K, used 15862K [0x00000007aab00000, 0x00000007b1c00000, 0x00000007c0000000)
  eden space 65024K, 0% used [0x00000007aab00000,0x00000007aab00000,0x00000007aea80000)
  from space 15872K, 99% used [0x00000007b0080000,0x00000007b0ffd980,0x00000007b1000000)
  to   space 22528K, 0% used [0x00000007aea80000,0x00000007aea80000,0x00000007b0080000)
 ParOldGen       total 60416K, used 42848K [0x0000000780000000, 0x0000000783b00000, 0x00000007aab00000)
  object space 60416K, 70% used [0x0000000780000000,0x00000007829d82a8,0x0000000783b00000)
 Metaspace       used 25812K, capacity 26412K, committed 26752K, reserved 1073152K
  class space    used 3145K, capacity 3342K, committed 3456K, reserved 1048576K
}

