<?xml version="1.0" encoding="UTF-8"?>
<!-- Generated by org.testng.reporters.JUnitXMLReporter -->
<testsuite hostname="GOT500VI77372" ignored="63" name="TUGGER_FLOW" tests="1" failures="0" timestamp="27 dec 2018 11:16:16 GMT" time="1645.941" errors="0">
  <testcase name="TUGGER" time="1645.85" classname="com.volvo.mfg.StepDefinition.DriverSuite"/>
  <testcase name="ADMIN_MANAGEALARMS" time="0.0" classname="com.volvo.mfg.StepDefinition.DriverSuite">
    <ignored/>
  </testcase> <!-- ADMIN_MANAGEALARMS -->
  <testcase name="Deliver_V60_TaskScreen_TestcaseId_3940" time="0.0" classname="com.volvo.mfg.StepDefinition.DriverSuite">
    <ignored/>
  </testcase> <!-- Deliver_V60_TaskScreen_TestcaseId_3940 -->
  <testcase name="V60_packageNote_Print_TestcaseId_3941" time="0.0" classname="com.volvo.mfg.StepDefinition.DriverSuite">
    <ignored/>
  </testcase> <!-- V60_packageNote_Print_TestcaseId_3941 -->
  <testcase name="TUGGER_Nodes_MovedOrder_Functionality_TC_3463" time="0.0" classname="com.volvo.mfg.StepDefinition.DriverSuite">
    <ignored/>
  </testcase> <!-- TUGGER_Nodes_MovedOrder_Functionality_TC_3463 -->
  <testcase name="V432_CalenderFunction_AllScreens_TestCaseId_3945" time="0.0" classname="com.volvo.mfg.StepDefinition.DriverSuite">
    <ignored/>
  </testcase> <!-- V432_CalenderFunction_AllScreens_TestCaseId_3945 -->
  <testcase name="V432_EndToEnd_Flow" time="0.0" classname="com.volvo.mfg.StepDefinition.DriverSuite">
    <ignored/>
  </testcase> <!-- V432_EndToEnd_Flow -->
  <testcase name="Vclas_ReleaseNotes" time="0.0" classname="com.volvo.mfg.StepDefinition.DriverSuite">
    <ignored/>
  </testcase> <!-- Vclas_ReleaseNotes -->
  <testcase name="TUGGER_SHORTAGE_DELIVERY" time="0.0" classname="com.volvo.mfg.StepDefinition.DriverSuite">
    <ignored/>
  </testcase> <!-- TUGGER_SHORTAGE_DELIVERY -->
  <testcase name="V90_DELIVERV90TASKS" time="0.0" classname="com.volvo.mfg.StepDefinition.DriverSuite">
    <ignored/>
  </testcase> <!-- V90_DELIVERV90TASKS -->
  <testcase name="CreateParkingPlace" time="0.0" classname="com.volvo.mfg.StepDefinition.DriverSuite">
    <ignored/>
  </testcase> <!-- CreateParkingPlace -->
  <testcase name="ADMIN_MANAGEALARMIDS" time="0.0" classname="com.volvo.mfg.StepDefinition.DriverSuite">
    <ignored/>
  </testcase> <!-- ADMIN_MANAGEALARMIDS -->
  <testcase name="MoveJisjitRacks" time="0.0" classname="com.volvo.mfg.StepDefinition.DriverSuite">
    <ignored/>
  </testcase> <!-- MoveJisjitRacks -->
  <testcase name="CONTROL_PARAMETER" time="0.0" classname="com.volvo.mfg.StepDefinition.DriverSuite">
    <ignored/>
  </testcase> <!-- CONTROL_PARAMETER -->
  <testcase name="AGV_Inactive_Order_Creation" time="0.0" classname="com.volvo.mfg.StepDefinition.DriverSuite">
    <ignored/>
  </testcase> <!-- AGV_Inactive_Order_Creation -->
  <testcase name="Vclas_TransportSection" time="0.0" classname="com.volvo.mfg.StepDefinition.DriverSuite">
    <ignored/>
  </testcase> <!-- Vclas_TransportSection -->
  <testcase name="AGV_PlanningStatus_AL_DELIVERY" time="0.0" classname="com.volvo.mfg.StepDefinition.DriverSuite">
    <ignored/>
  </testcase> <!-- AGV_PlanningStatus_AL_DELIVERY -->
  <testcase name="Vclas_Adminstration_Tab_Health_Check_Functionality" time="0.0" classname="com.volvo.mfg.StepDefinition.DriverSuite">
    <ignored/>
  </testcase> <!-- Vclas_Adminstration_Tab_Health_Check_Functionality -->
  <testcase name="TUGGER_Picking_MultipleAssignments" time="0.0" classname="com.volvo.mfg.StepDefinition.DriverSuite">
    <ignored/>
  </testcase> <!-- TUGGER_Picking_MultipleAssignments -->
  <testcase name="Production_Controlcodes" time="0.0" classname="com.volvo.mfg.StepDefinition.DriverSuite">
    <ignored/>
  </testcase> <!-- Production_Controlcodes -->
  <testcase name="Vclas_NodesType" time="0.0" classname="com.volvo.mfg.StepDefinition.DriverSuite">
    <ignored/>
  </testcase> <!-- Vclas_NodesType -->
  <testcase name="Vclas_Adminstration_Tab_Nodes_Functionality" time="0.0" classname="com.volvo.mfg.StepDefinition.DriverSuite">
    <ignored/>
  </testcase> <!-- Vclas_Adminstration_Tab_Nodes_Functionality -->
  <testcase name="Vclas_Adminstration_Tab_DB_Constant_Functionality" time="0.0" classname="com.volvo.mfg.StepDefinition.DriverSuite">
    <ignored/>
  </testcase> <!-- Vclas_Adminstration_Tab_DB_Constant_Functionality -->
  <testcase name="V60_Normal_Repair_Screen_Functionality_TestcaseId_3944" time="0.0" classname="com.volvo.mfg.StepDefinition.DriverSuite">
    <ignored/>
  </testcase> <!-- V60_Normal_Repair_Screen_Functionality_TestcaseId_3944 -->
  <testcase name="AGV_Reserve_Order_Creation" time="0.0" classname="com.volvo.mfg.StepDefinition.DriverSuite">
    <ignored/>
  </testcase> <!-- AGV_Reserve_Order_Creation -->
  <testcase name="Authorisation" time="0.0" classname="com.volvo.mfg.StepDefinition.DriverSuite">
    <ignored/>
  </testcase> <!-- Authorisation -->
  <testcase name="ADMIN_SHOWTASK" time="0.0" classname="com.volvo.mfg.StepDefinition.DriverSuite">
    <ignored/>
  </testcase> <!-- ADMIN_SHOWTASK -->
  <testcase name="SIMULATOR" time="0.0" classname="com.volvo.mfg.StepDefinition.DriverSuite">
    <ignored/>
  </testcase> <!-- SIMULATOR -->
  <testcase name="AGV_RACKCHANGER_INVALID_INPUT" time="0.0" classname="com.volvo.mfg.StepDefinition.DriverSuite">
    <ignored/>
  </testcase> <!-- AGV_RACKCHANGER_INVALID_INPUT -->
  <testcase name="TEST_PRINTER" time="0.0" classname="com.volvo.mfg.StepDefinition.DriverSuite">
    <ignored/>
  </testcase> <!-- TEST_PRINTER -->
  <testcase name="LDJIT_TRAILER" time="0.0" classname="com.volvo.mfg.StepDefinition.DriverSuite">
    <ignored/>
  </testcase> <!-- LDJIT_TRAILER -->
  <testcase name="Vclas_Assignments_Functionality" time="0.0" classname="com.volvo.mfg.StepDefinition.DriverSuite">
    <ignored/>
  </testcase> <!-- Vclas_Assignments_Functionality -->
  <testcase name="TUGGER_ASSIGNMENT_DELIVERY" time="0.0" classname="com.volvo.mfg.StepDefinition.DriverSuite">
    <ignored/>
  </testcase> <!-- TUGGER_ASSIGNMENT_DELIVERY -->
  <testcase name="Production_LocationCode" time="0.0" classname="com.volvo.mfg.StepDefinition.DriverSuite">
    <ignored/>
  </testcase> <!-- Production_LocationCode -->
  <testcase name="V60_PackageNote_TestcaseId_3943" time="0.0" classname="com.volvo.mfg.StepDefinition.DriverSuite">
    <ignored/>
  </testcase> <!-- V60_PackageNote_TestcaseId_3943 -->
  <testcase name="JISJIT_OtherUser" time="0.0" classname="com.volvo.mfg.StepDefinition.DriverSuite">
    <ignored/>
  </testcase> <!-- JISJIT_OtherUser -->
  <testcase name="Vclas_Adminstration_Tab_Parts_Functionality" time="0.0" classname="com.volvo.mfg.StepDefinition.DriverSuite">
    <ignored/>
  </testcase> <!-- Vclas_Adminstration_Tab_Parts_Functionality -->
  <testcase name="ADMIN_SCANNEDGOODS" time="0.0" classname="com.volvo.mfg.StepDefinition.DriverSuite">
    <ignored/>
  </testcase> <!-- ADMIN_SCANNEDGOODS -->
  <testcase name="ReportsTabFunctionality" time="0.0" classname="com.volvo.mfg.StepDefinition.DriverSuite">
    <ignored/>
  </testcase> <!-- ReportsTabFunctionality -->
  <testcase name="AGV_ASSIGNMENTLIST_DELIVERY" time="0.0" classname="com.volvo.mfg.StepDefinition.DriverSuite">
    <ignored/>
  </testcase> <!-- AGV_ASSIGNMENTLIST_DELIVERY -->
  <testcase name="TUGGER_Nodes_MoveButton_Shortage_TC_3483" time="0.0" classname="com.volvo.mfg.StepDefinition.DriverSuite">
    <ignored/>
  </testcase> <!-- TUGGER_Nodes_MoveButton_Shortage_TC_3483 -->
  <testcase name="JISJIT_TUGGER" time="0.0" classname="com.volvo.mfg.StepDefinition.DriverSuite">
    <ignored/>
  </testcase> <!-- JISJIT_TUGGER -->
  <testcase name="V60_RepairStation" time="0.0" classname="com.volvo.mfg.StepDefinition.DriverSuite">
    <ignored/>
  </testcase> <!-- V60_RepairStation -->
  <testcase name="Vclas_Adminstration_Tab_User_Functionality" time="0.0" classname="com.volvo.mfg.StepDefinition.DriverSuite">
    <ignored/>
  </testcase> <!-- Vclas_Adminstration_Tab_User_Functionality -->
  <testcase name="Vclas_Nodes_MovebuttonVerify" time="0.0" classname="com.volvo.mfg.StepDefinition.DriverSuite">
    <ignored/>
  </testcase> <!-- Vclas_Nodes_MovebuttonVerify -->
  <testcase name="AGV_INPROGRESS_DELIVERY" time="0.0" classname="com.volvo.mfg.StepDefinition.DriverSuite">
    <ignored/>
  </testcase> <!-- AGV_INPROGRESS_DELIVERY -->
  <testcase name="Vclas_Adminstration_Tab_Rooms_Functionality" time="0.0" classname="com.volvo.mfg.StepDefinition.DriverSuite">
    <ignored/>
  </testcase> <!-- Vclas_Adminstration_Tab_Rooms_Functionality -->
  <testcase name="CreateTrailerAssignment" time="0.0" classname="com.volvo.mfg.StepDefinition.DriverSuite">
    <ignored/>
  </testcase> <!-- CreateTrailerAssignment -->
  <testcase name="TUGGER_Nodes_MoveButton_AL_ScanOnDelivery_False_Empty_TC_3471_3472" time="0.0" classname="com.volvo.mfg.StepDefinition.DriverSuite">
    <ignored/>
  </testcase> <!-- TUGGER_Nodes_MoveButton_AL_ScanOnDelivery_False_Empty_TC_3471_3472 -->
  <testcase name="V432_Outtakestation_flow" time="0.0" classname="com.volvo.mfg.StepDefinition.DriverSuite">
    <ignored/>
  </testcase> <!-- V432_Outtakestation_flow -->
  <testcase name="TUGGER_AL_FIRSTUSER" time="0.0" classname="com.volvo.mfg.StepDefinition.DriverSuite">
    <ignored/>
  </testcase> <!-- TUGGER_AL_FIRSTUSER -->
  <testcase name="V60_NormalStation" time="0.0" classname="com.volvo.mfg.StepDefinition.DriverSuite">
    <ignored/>
  </testcase> <!-- V60_NormalStation -->
  <testcase name="LDJIT_TRAILER_GR_DbINSERTION" time="0.0" classname="com.volvo.mfg.StepDefinition.DriverSuite">
    <ignored/>
  </testcase> <!-- LDJIT_TRAILER_GR_DbINSERTION -->
  <testcase name="JISJIT_TUGGER_GR" time="0.0" classname="com.volvo.mfg.StepDefinition.DriverSuite">
    <ignored/>
  </testcase> <!-- JISJIT_TUGGER_GR -->
  <testcase name="AGV_Picking_Multiple_Assignments_delivery" time="0.0" classname="com.volvo.mfg.StepDefinition.DriverSuite">
    <ignored/>
  </testcase> <!-- AGV_Picking_Multiple_Assignments_delivery -->
  <testcase name="Production_Plockan" time="0.0" classname="com.volvo.mfg.StepDefinition.DriverSuite">
    <ignored/>
  </testcase> <!-- Production_Plockan -->
  <testcase name="JISJIT_TUGGER_DUMMY_ASN" time="0.0" classname="com.volvo.mfg.StepDefinition.DriverSuite">
    <ignored/>
  </testcase> <!-- JISJIT_TUGGER_DUMMY_ASN -->
  <testcase name="TUGGER_Nodes_MovedOrder_TC_3470" time="0.0" classname="com.volvo.mfg.StepDefinition.DriverSuite">
    <ignored/>
  </testcase> <!-- TUGGER_Nodes_MovedOrder_TC_3470 -->
  <testcase name="Production_Consumption" time="0.0" classname="com.volvo.mfg.StepDefinition.DriverSuite">
    <ignored/>
  </testcase> <!-- Production_Consumption -->
  <testcase name="TUGGER_Nodes_Paramters_True_Empty_TC_3469_3253" time="0.0" classname="com.volvo.mfg.StepDefinition.DriverSuite">
    <ignored/>
  </testcase> <!-- TUGGER_Nodes_Paramters_True_Empty_TC_3469_3253 -->
  <testcase name="AGV_SHORTAGE_DELIVERY" time="0.0" classname="com.volvo.mfg.StepDefinition.DriverSuite">
    <ignored/>
  </testcase> <!-- AGV_SHORTAGE_DELIVERY -->
  <testcase name="V60_Outtake_Stations_TestcaseId_3930" time="0.0" classname="com.volvo.mfg.StepDefinition.DriverSuite">
    <ignored/>
  </testcase> <!-- V60_Outtake_Stations_TestcaseId_3930 -->
  <testcase name="Vclas_Adminstration_Tab_TAT_Functionality" time="0.0" classname="com.volvo.mfg.StepDefinition.DriverSuite">
    <ignored/>
  </testcase> <!-- Vclas_Adminstration_Tab_TAT_Functionality -->
  <testcase name="BLUEBOX" time="0.0" classname="com.volvo.mfg.StepDefinition.DriverSuite">
    <ignored/>
  </testcase> <!-- BLUEBOX -->
</testsuite> <!-- TUGGER_FLOW -->
